<?xml version="1.0" encoding="UTF-8"?>
<!-- Generated by org.testng.reporters.JUnitReportReporter -->
<testsuite hostname="DELL-PC" name="com.hrms.testscripts.TC_101_VerifyLogin" tests="1" failures="0" timestamp="3 Feb 2021 14:56:48 GMT" time="19.638" errors="0">
  <testcase name="Login_TC101" time="19.638" classname="com.hrms.testscripts.TC_101_VerifyLogin"/>
</testsuite> <!-- com.hrms.testscripts.TC_101_VerifyLogin -->
