<?xml version="1.0" encoding="UTF-8"?>
<!-- Generated by org.testng.reporters.JUnitReportReporter -->
<testsuite hostname="DELL-PC" name="com.hrms.testscripts.TC_103_deleteEmployee" tests="3" failures="0" timestamp="3 Feb 2021 14:56:48 GMT" time="22.511" errors="0">
  <testcase name="logout_TC103" time="0.795" classname="com.hrms.testscripts.TC_103_deleteEmployee"/>
  <testcase name="delEmp" time="3.162" classname="com.hrms.testscripts.TC_103_deleteEmployee"/>
  <testcase name="login_TC103" time="18.554" classname="com.hrms.testscripts.TC_103_deleteEmployee"/>
</testsuite> <!-- com.hrms.testscripts.TC_103_deleteEmployee -->
