<?xml version="1.0" encoding="UTF-8"?>
<!-- Generated by org.testng.reporters.JUnitReportReporter -->
<testsuite hostname="DELL-PC" name="com.hrms.testscripts.TC_102_AddEmployee" tests="3" failures="0" timestamp="3 Feb 2021 14:56:48 GMT" time="41.532" errors="0">
  <testcase name="login_TC102" time="19.032" classname="com.hrms.testscripts.TC_102_AddEmployee"/>
  <testcase name="logout_TC102" time="1.232" classname="com.hrms.testscripts.TC_102_AddEmployee"/>
  <testcase name="addEmp" time="21.268" classname="com.hrms.testscripts.TC_102_AddEmployee"/>
</testsuite> <!-- com.hrms.testscripts.TC_102_AddEmployee -->
